make all --print-data-base --no-builtin-variables --no-builtin-rules --question
# GNU Make 3.81
# Copyright (C) 2006  Free Software Foundation, Inc.
# This is free software; see the source for copying conditions.
# There is NO warranty; not even for MERCHANTABILITY or FITNESS FOR A
# PARTICULAR PURPOSE.

# This program built for i386-apple-darwin11.3.0
 
make: *** No rule to make target `all'.  Stop.


# Make data base, printed on Fri Aug 26 01:22:56 2022

# Variables

# automatic
<D = $(patsubst %/,%,$(dir $<))
# automatic
?F = $(notdir $?)
# automatic
?D = $(patsubst %/,%,$(dir $?))
# automatic
@D = $(patsubst %/,%,$(dir $@))
# automatic
@F = $(notdir $@)
# makefile
CURDIR := /Users/samuelchau/uni/Object-Oriented-Programming
# makefile
SHELL = /bin/sh
# environment
VSCODE_NLS_CONFIG = {"locale":"en-gb","availableLanguages":{},"_languagePackSupport":true}
# environment
_ = /usr/bin/make
# makefile (from `makefile', line 1)
MAKEFILE_LIST :=  makefile
# environment
__CFBundleIdentifier = com.microsoft.VSCode
# environment
VSCODE_CWD = /
# environment
PATH = /Library/Frameworks/Python.framework/Versions/3.9/bin:/usr/local/bin:/usr/bin:/bin:/usr/sbin:/sbin:/Users/samuelchau/propolis-v0.5.2:/Library/Apple/usr/bin:/usr/local/share/emacs/site-lisp/git:/usr/local/Cellar/sox/14.4.2_3:/usr/local/Cellar/go/1.16.5:/usr/local/Cellar/flac/1.3.3:/Users/samuelchau/propolis/propolis_darwin:
# environment
LaunchInstanceID = 178DE94B-287B-4897-B995-6ED9419306FF
# environment
ELECTRON_RUN_AS_NODE = 1
# default
.FEATURES := target-specific order-only second-expansion else-if archives jobserver check-symlink
# environment
SSH_AUTH_SOCK = /private/tmp/com.apple.launchd.rYjPXolTfF/Listeners
# automatic
%F = $(notdir $%)
# environment
PWD = /Users/samuelchau/uni/Object-Oriented-Programming
# environment
ORIGINAL_XDG_CURRENT_DESKTOP = undefined
# environment
VSCODE_AMD_ENTRYPOINT = vs/workbench/api/node/extensionHostProcess
# environment
HOME = /Users/samuelchau
# default
MAKEFILEPATH := /Applications/Xcode.app/Contents/Developer/Makefiles
# environment
VSCODE_CODE_CACHE_PATH = /Users/samuelchau/Library/Application Support/Code/CachedData/6d9b74a70ca9c7733b29f0456fd8195364076dda
# environment
LOGNAME = samuelchau
# environment
APPLICATION_INSIGHTS_NO_DIAGNOSTIC_CHANNEL = 1
# environment
VSCODE_HANDLES_UNCAUGHT_ERRORS = true
# automatic
^D = $(patsubst %/,%,$(dir $^))
# environment
XPC_FLAGS = 0x0
# default
MAKE = $(MAKE_COMMAND)
# default
MAKECMDGOALS := all
# environment
SHLVL = 1
# default
MAKE_VERSION := 3.81
# environment
USER = samuelchau
# makefile
.DEFAULT_GOAL := 1-1
# automatic
%D = $(patsubst %/,%,$(dir $%))
# default
MAKE_COMMAND := /Applications/Xcode.app/Contents/Developer/usr/bin/make
# default
.VARIABLES := 
# environment
TMPDIR = /var/folders/8z/mwsc534d7zx59w7fyj2sz1wc0000gn/T/
# automatic
*F = $(notdir $*)
# environment
VSCODE_IPC_HOOK = /Users/samuelchau/Library/Application Support/Code/1.70.1-main.sock
# environment
MallocNanoZone = 0
# makefile
MAKEFLAGS = Rrqp
# environment
MFLAGS = -Rrqp
# automatic
*D = $(patsubst %/,%,$(dir $*))
# environment
XPC_SERVICE_NAME = application.com.microsoft.VSCode.23551839.23551845
# automatic
+D = $(patsubst %/,%,$(dir $+))
# automatic
+F = $(notdir $+)
# environment
__CF_USER_TEXT_ENCODING = 0x1F5:0:15
# environment
COMMAND_MODE = unix2003
# default
MAKEFILES := 
# automatic
<F = $(notdir $<)
# environment
LC_ALL = C
# environment
SECURITYSESSIONID = 186a3
# automatic
^F = $(notdir $^)
# default
SUFFIXES := 
# default
.INCLUDE_DIRS = /usr/local/include
# environment
MAKELEVEL := 0
# environment
LANG = C
# environment
VSCODE_PID = 373
# variable set hash-table stats:
# Load=60/1024=6%, Rehash=0, Collisions=1/84=1%

# Pattern-specific Variable Values

# No pattern-specific variable values.

# Directories

# . (device 16777226, inode 23225684): 33 files, no impossibilities.

# 33 files, no impossibilities in 1 directories.

# Implicit Rules

# No implicit rules.

# Files

# Not a target:
main-3-1.cpp:
#  Implicit rule search has not been done.
#  Modification time never checked.
#  File has not been updated.

2-2: function-2-2.cpp main-2-2.cpp
#  Implicit rule search has not been done.
#  Modification time never checked.
#  File has not been updated.
#  commands to execute (from `makefile', line 30):
	g++ function-2-2.cpp main-2-2.cpp -o 2-2.out
	./2-2.out
	

# Not a target:
function-3-5.cpp:
#  Implicit rule search has not been done.
#  Modification time never checked.
#  File has not been updated.

3-2: function-3-2.cpp main-3-2.cpp
#  Implicit rule search has not been done.
#  Modification time never checked.
#  File has not been updated.
#  commands to execute (from `makefile', line 50):
	g++ function-3-2.cpp main-3-2.cpp -o 3-2.out
	./3-2.out
	

# Not a target:
function-1-4.cpp:
#  Implicit rule search has not been done.
#  Modification time never checked.
#  File has not been updated.

2-4: function-2-4.cpp main-2-4.cpp
#  Implicit rule search has not been done.
#  Modification time never checked.
#  File has not been updated.
#  commands to execute (from `makefile', line 38):
	g++ function-2-4.cpp main-2-4.cpp -o 2-4.out
	./2-4.out
	

# Not a target:
main-3-3.cpp:
#  Implicit rule search has not been done.
#  Modification time never checked.
#  File has not been updated.

3-4: function-3-4.cpp main-3-4.cpp
#  Implicit rule search has not been done.
#  Modification time never checked.
#  File has not been updated.
#  commands to execute (from `makefile', line 58):
	g++ function-3-4.cpp main-3-4.cpp -o 3-4.out
	./3-4.out
	

# Not a target:
all:
#  Command-line target.
#  Implicit rule search has been done.
#  File does not exist.
#  File has not been updated.
# variable set hash-table stats:
# Load=0/32=0%, Rehash=0, Collisions=0/0=0%

# Not a target:
function-3-1.cpp:
#  Implicit rule search has not been done.
#  Modification time never checked.
#  File has not been updated.

1-1: function-1-1.cpp main-1-1.cpp
#  Implicit rule search has not been done.
#  Modification time never checked.
#  File has not been updated.
#  commands to execute (from `makefile', line 2):
	g++ function-1-1.cpp main-1-1.cpp -o 1-1.out
	./1-1.out
	

# Not a target:
main-3-5.cpp:
#  Implicit rule search has not been done.
#  Modification time never checked.
#  File has not been updated.

# Not a target:
function-2-4.cpp:
#  Implicit rule search has not been done.
#  Modification time never checked.
#  File has not been updated.

# Not a target:
main-1-4.cpp:
#  Implicit rule search has not been done.
#  Modification time never checked.
#  File has not been updated.

1-2: function-1-2.cpp main-1-2.cpp
#  Implicit rule search has not been done.
#  Modification time never checked.
#  File has not been updated.
#  commands to execute (from `makefile', line 6):
	g++ function-1-2.cpp main-1-2.cpp -o 1-2.out
	./1-2.out
	

# Not a target:
.SUFFIXES:
#  Implicit rule search has not been done.
#  Modification time never checked.
#  File has not been updated.

# Not a target:
main-2-4.cpp:
#  Implicit rule search has not been done.
#  Modification time never checked.
#  File has not been updated.

# Not a target:
main-2-3.cpp:
#  Implicit rule search has not been done.
#  Modification time never checked.
#  File has not been updated.

# Not a target:
function-3-4.cpp:
#  Implicit rule search has not been done.
#  Modification time never checked.
#  File has not been updated.

1-12: function-1-12.cpp main-1-12.cpp
#  Implicit rule search has not been done.
#  Modification time never checked.
#  File has not been updated.
#  commands to execute (from `makefile', line 22):
	g++ function-1-12.cpp main-1-12.cpp -o 1-12.out
	./1-12.out
	

# Not a target:
makefile:
#  Implicit rule search has been done.
#  Last modified 2022-08-15 13:55:09
#  File has been updated.
#  Successfully updated.
# variable set hash-table stats:
# Load=0/32=0%, Rehash=0, Collisions=0/0=0%

2-3: function-2-3.cpp main-2-3.cpp
#  Implicit rule search has not been done.
#  Modification time never checked.
#  File has not been updated.
#  commands to execute (from `makefile', line 34):
	g++ function-2-3.cpp main-2-3.cpp -o 2-3.out
	./2-3.out
	

# Not a target:
function-2-3.cpp:
#  Implicit rule search has not been done.
#  Modification time never checked.
#  File has not been updated.

3-3: function-3-3.cpp main-3-3.cpp
#  Implicit rule search has not been done.
#  Modification time never checked.
#  File has not been updated.
#  commands to execute (from `makefile', line 54):
	g++ function-3-3.cpp main-3-3.cpp -o 3-3.out
	./3-3.out
	

1-3: function-1-3.cpp main-1-3.cpp
 
#  Implicit rule search has not been done.
#  Modification time never checked.
#  File has not been updated.
#  commands to execute (from `makefile', line 10):
	g++ function-1-3.cpp main-1-3.cpp -o 1-3.out
	./1-3.out
	

# Not a target:
main-3-4.cpp:
#  Implicit rule search has not been done.
#  Modification time never checked.
#  File has not been updated.

# Not a target:
function-1-1.cpp:
#  Implicit rule search has not been done.
#  Modification time never checked.
#  File has not been updated.

1-5: function-1-5.cpp main-1-5.cpp
#  Implicit rule search has not been done.
#  Modification time never checked.
#  File has not been updated.
#  commands to execute (from `makefile', line 18):
	g++ function-1-5.cpp main-1-5.cpp -o 1-5.out
	./1-5.out
	

2-5: function-2-5.cpp main-2-5.cpp
#  Implicit rule search has not been done.
#  Modification time never checked.
#  File has not been updated.
#  commands to execute (from `makefile', line 42):
	g++ function-2-5.cpp main-2-5.cpp -o 2-5.out
	./2-5.out
	

3-5: function-3-5.cpp main-3-5.cpp
#  Implicit rule search has not been done.
#  Modification time never checked.
#  File has not been updated.
#  commands to execute (from `makefile', line 62):
	g++ function-3-5.cpp main-3-5.cpp -o 3-5.out
	./3-5.out
	

# Not a target:
function-1-2.cpp:
#  Implicit rule search has not been done.
#  Modification time never checked.
#  File has not been updated.

# Not a target:
main-1-1.cpp:
#  Implicit rule search has not been done.
#  Modification time never checked.
#  File has not been updated.

# Not a target:
.DEFAULT:
#  Implicit rule search has not been done.
#  Modification time never checked.
#  File has not been updated.

# Not a target:
main-2-1.cpp:
#  Implicit rule search has not been done.
#  Modification time never checked.
#  File has not been updated.

# Not a target:
function-2-2.cpp:
#  Implicit rule search has not been done.
#  Modification time never checked.
#  File has not been updated.

# Not a target:
function-1-12.cpp:
#  Implicit rule search has not been done.
#  Modification time never checked.
#  File has not been updated.

# Not a target:
main-1-2.cpp:
#  Implicit rule search has not been done.
#  Modification time never checked.
#  File has not been updated.

# Not a target:
function-1-3.cpp:
#  Implicit rule search has not been done.
#  Modification time never checked.
#  File has not been updated.

# Not a target:
function-2-1.cpp:
#  Implicit rule search has not been done.
#  Modification time never checked.
#  File has not been updated.

# Not a target:
main-2-2.cpp:
#  Implicit rule search has not been done.
#  Modification time never checked.
#  File has not been updated.

1-4: function-1-4.cpp main-1-4.cpp
#  Implicit rule search has not been done.
#  Modification time never checked.
#  File has not been updated.
#  commands to execute (from `makefile', line 14):
	g++ function-1-4.cpp main-1-4.cpp -o 1-4.out
	./1-4.out
	

# Not a target:
main-1-12.cpp:
#  Implicit rule search has not been done.
#  Modification time never checked.
#  File has not been updated.

# Not a target:
function-1-5.cpp:
#  Implicit rule search has not been done.
#  Modification time never checked.
#  File has not been updated.

# Not a target:
function-3-2.cpp:
#  Implicit rule search has not been done.
#  Modification time never checked.
#  File has not been updated.

# Not a target:
main-1-3.cpp:
#  Implicit rule search has not been done.
#  Modification time never checked.
#  File has not been updated.

2-1: function-2-1.cpp main-2-1.cpp
#  Implicit rule search has not been done.
#  Modification time never checked.
#  File has not been updated.
#  commands to execute (from `makefile', line 26):
	g++ function-2-1.cpp main-2-1.cpp -o 2-1.out
	./2-1.out
	

# Not a target:
function-2-5.cpp:
#  Implicit rule search has not been done.
#  Modification time never checked.
#  File has not been updated.

3-1: function-3-1.cpp main-3-1.cpp
#  Implicit rule search has not been done.
#  Modification time never checked.
#  File has not been updated.
#  commands to execute (from `makefile', line 46):
	g++ function-3-1.cpp main-3-1.cpp -o 3-1.out
	./3-1.out
	

# Not a target:
main-1-5.cpp:
#  Implicit rule search has not been done.
#  Modification time never checked.
#  File has not been updated.

# Not a target:
main-3-2.cpp:
#  Implicit rule search has not been done.
#  Modification time never checked.
#  File has not been updated.

# Not a target:
main-2-5.cpp:
#  Implicit rule search has not been done.
#  Modification time never checked.
#  File has not been updated.

# Not a target:
function-3-3.cpp:
#  Implicit rule search has not been done.
#  Modification time never checked.
#  File has not been updated.

# files hash-table stats:
# Load=52/1024=5%, Rehash=0, Collisions=22/96=23%
# VPATH Search Paths

# No `vpath' search paths.

# No general (`VPATH' variable) search path.

# # of strings in strcache: 1
# # of strcache buffers: 1
# strcache size: total = 4096 / max = 4096 / min = 4096 / avg = 4096
# strcache free: total = 4087 / max = 4087 / min = 4087 / avg = 4087

# Finished Make data base on Fri Aug 26 01:22:56 2022

 
